Listing...
adduser/trusty,now 3.113+nmu3ubuntu3 all [installed]
apache2/trusty-updates,trusty-security,now 2.4.7-1ubuntu4.13 amd64 [installed]
apache2-bin/trusty-updates,trusty-security,now 2.4.7-1ubuntu4.13 amd64 [installed]
apache2-data/trusty-updates,trusty-security,now 2.4.7-1ubuntu4.13 all [installed]
apache2-doc/trusty-updates,trusty-security,now 2.4.7-1ubuntu4.13 all [installed]
apache2-mpm-prefork/trusty-updates,trusty-security,now 2.4.7-1ubuntu4.13 amd64 [installed]
apache2-utils/trusty-updates,trusty-security,now 2.4.7-1ubuntu4.13 amd64 [installed]
apt/trusty-updates,trusty-security,now 1.0.1ubuntu2.17 amd64 [installed]
apt-utils/trusty-updates,trusty-security,now 1.0.1ubuntu2.17 amd64 [installed]
base-files/trusty-updates,now 7.2ubuntu5.5 amd64 [installed]
base-passwd/trusty,now 3.5.33 amd64 [installed]
bash/trusty-updates,trusty-security,now 4.3-7ubuntu1.5 amd64 [installed]
bind9/trusty-updates,trusty-security,now 1:9.9.5.dfsg-3ubuntu0.11 amd64 [installed]
bind9-host/trusty-updates,trusty-security,now 1:9.9.5.dfsg-3ubuntu0.11 amd64 [installed]
bind9utils/trusty-updates,trusty-security,now 1:9.9.5.dfsg-3ubuntu0.11 amd64 [installed]
binutils/trusty-updates,trusty-security,now 2.24-5ubuntu14.1 amd64 [installed]
bsd-mailx/trusty-updates,trusty-security,now 8.1.2-0.20131005cvs-1ubuntu0.14.04.1 amd64 [installed]
bsdmainutils/trusty,now 9.0.5ubuntu1 amd64 [installed]
bsdutils/trusty-updates,now 1:2.20.1-5.1ubuntu20.9 amd64 [installed]
busybox-initramfs/trusty,now 1:1.21.0-1ubuntu1 amd64 [installed]
bzip2/trusty,now 1.0.6-5 amd64 [installed]
ca-certificates/trusty-updates,trusty-security,now 20160104ubuntu0.14.04.1 all [installed]
cifs-utils/trusty,now 2:6.0-1ubuntu2 amd64 [installed]
console-common/trusty,now 0.7.88 all [installed]
console-data/trusty,now 2:1.12-3 all [installed]
console-setup/trusty,now 1.70ubuntu8 all [installed]
coreutils/trusty-updates,now 8.21-1ubuntu5.4 amd64 [installed]
cpio/trusty-updates,trusty-security,now 2.11+dfsg-1ubuntu1.2 amd64 [installed]
cracklib-runtime/trusty,now 2.9.1-1build1 amd64 [installed]
cron/trusty,now 3.0pl1-124ubuntu2 amd64 [installed]
dash/trusty,now 0.5.7-4ubuntu1 amd64 [installed]
db-util/trusty,now 1:5.3.21~exp1ubuntu1 all [installed]
db5.3-util/trusty,now 5.3.28-3ubuntu3 amd64 [installed]
dbus/trusty-updates,now 1.6.18-0ubuntu4.5 amd64 [installed]
debconf/trusty,now 1.5.51ubuntu2 all [installed]
debconf-i18n/trusty,now 1.5.51ubuntu2 all [installed]
debconf-utils/trusty,now 1.5.51ubuntu2 all [installed]
debianutils/trusty,now 4.4 amd64 [installed]
dh-python/trusty-updates,now 1.20140128-1ubuntu8.2 all [installed]
dialog/trusty,now 1.2-20130928-1 amd64 [installed]
diffutils/trusty,now 1:3.3-1 amd64 [installed]
dpkg/trusty-updates,now 1.17.5ubuntu5.7 amd64 [installed]
dselect/trusty-updates,now 1.17.5ubuntu5.7 amd64 [installed]
e2fslibs/trusty-updates,now 1.42.9-3ubuntu1.3 amd64 [installed]
ed/trusty,now 1.9-2 amd64 [installed]
expat/trusty-updates,trusty-security,now 2.1.0-4ubuntu1.3 amd64 [installed]
fail2ban/trusty,now 0.8.11-1 all [installed]
fetchmail/trusty,now 6.3.26-1 amd64 [installed]
file/trusty-updates,trusty-security,now 1:5.14-2ubuntu3.3 amd64 [installed]
findutils/trusty,now 4.4.2-7 amd64 [installed]
finger/trusty,now 0.17-15 amd64 [installed]
fontconfig/trusty-updates,trusty-security,now 2.11.0-0ubuntu4.2 amd64 [installed]
fontconfig-config/trusty-updates,trusty-security,now 2.11.0-0ubuntu4.2 all [installed]
fonts-dejavu/trusty,now 2.34-1ubuntu1 all [installed]
fonts-dejavu-core/trusty,now 2.34-1ubuntu1 all [installed]
fonts-dejavu-extra/trusty,now 2.34-1ubuntu1 all [installed]
fonts-freefont-ttf/trusty,now 20120503-4 all [installed]
ftp/trusty,now 0.17-28 amd64 [installed]
gawk/trusty,now 1:4.0.1+dfsg-2.1ubuntu2 amd64 [installed]
gcc-4.8-base/trusty-updates,trusty-security,now 4.8.4-2ubuntu1~14.04.3 amd64 [installed]
gcc-4.9-base/trusty-updates,now 4.9.3-0ubuntu4 amd64 [installed]
gettext/trusty-updates,now 0.18.3.1-1ubuntu3 amd64 [installed]
gettext-base/trusty-updates,now 0.18.3.1-1ubuntu3 amd64 [installed]
gnupg/trusty-updates,trusty-security,now 1.4.16-1ubuntu2.4 amd64 [installed]
gpgv/trusty-updates,trusty-security,now 1.4.16-1ubuntu2.4 amd64 [installed]
grep/trusty,now 2.16-1 amd64 [installed]
groff-base/trusty,now 1.22.2-5 amd64 [installed]
gzip/trusty,now 1.6-3ubuntu1 amd64 [installed]
hostname/trusty,now 3.15ubuntu1 amd64 [installed]
ifupdown/trusty-updates,now 0.7.47.2ubuntu4.4 amd64 [installed]
info/trusty,now 5.2.0.dfsg.1-2 amd64 [installed]
init-system-helpers/trusty-updates,now 1.14ubuntu1 all [installed]
initramfs-tools/trusty-updates,now 0.103ubuntu4.6 all [installed]
initramfs-tools-bin/trusty-updates,now 0.103ubuntu4.6 amd64 [installed]
initscripts/trusty-updates,now 2.88dsf-41ubuntu6.3 amd64 [installed]
insserv/trusty,now 1.14.0-5ubuntu2 amd64 [installed]
install-info/trusty,now 5.2.0.dfsg.1-2 amd64 [installed]
iproute2/trusty-updates,now 3.12.0-2ubuntu1 amd64 [installed]
iptables/trusty,now 1.4.21-1ubuntu1 amd64 [installed]
iptables-persistent/trusty,now 0.5.7 all [installed]
iputils-arping/trusty-updates,now 3:20121221-4ubuntu1.1 amd64 [installed]
iputils-ping/trusty-updates,now 3:20121221-4ubuntu1.1 amd64 [installed]
iputils-tracepath/trusty-updates,now 3:20121221-4ubuntu1.1 amd64 [installed]
isc-dhcp-client/trusty-updates,now 4.2.4-7ubuntu12.8 amd64 [installed]
isc-dhcp-common/trusty-updates,now 4.2.4-7ubuntu12.8 amd64 [installed]
kbd/trusty,now 1.15.5-1ubuntu1 amd64 [installed]
keyboard-configuration/trusty,now 1.70ubuntu8 all [installed]
klibc-utils/trusty-updates,now 2.0.3-0ubuntu1.14.04.2 amd64 [installed]
kmod/trusty,now 15-0ubuntu6 amd64 [installed]
language-pack-en/trusty-updates,now 1:14.04+20160720 all [installed,automatic]
language-pack-en-base/trusty-updates,now 1:14.04+20160720 all [installed]
ldap-utils/trusty-updates,now 2.4.31-1+nmu2ubuntu8.3 amd64 [installed]
less/trusty,now 458-2 amd64 [installed]
libacl1/trusty,now 2.2.52-1 amd64 [installed]
libapparmor1/trusty-updates,now 2.10.95-0ubuntu2.5~14.04.1 amd64 [installed,automatic]
libapr1/trusty,now 1.5.0-1 amd64 [installed]
libaprutil1/trusty,now 1.5.3-1 amd64 [installed]
libaprutil1-dbd-sqlite3/trusty,now 1.5.3-1 amd64 [installed]
libaprutil1-ldap/trusty,now 1.5.3-1 amd64 [installed]
libapt-inst1.5/trusty-updates,trusty-security,now 1.0.1ubuntu2.17 amd64 [installed]
libapt-pkg4.12/trusty-updates,trusty-security,now 1.0.1ubuntu2.17 amd64 [installed]
libasn1-8-heimdal/trusty-updates,now 1.6~git20131207+dfsg-1ubuntu1.1 amd64 [installed]
libasprintf0c2/trusty-updates,now 0.18.3.1-1ubuntu3 amd64 [installed]
libattr1/trusty,now 1:2.4.47-1ubuntu1 amd64 [installed]
libaudit-common/trusty,now 1:2.3.2-2ubuntu1 all [installed]
libaudit1/trusty,now 1:2.3.2-2ubuntu1 amd64 [installed]
libavahi-client3/trusty-updates,now 0.6.31-4ubuntu1.1 amd64 [installed]
libavahi-common-data/trusty-updates,now 0.6.31-4ubuntu1.1 amd64 [installed]
libavahi-common3/trusty-updates,now 0.6.31-4ubuntu1.1 amd64 [installed]
libbind9-90/trusty-updates,trusty-security,now 1:9.9.5.dfsg-3ubuntu0.11 amd64 [installed]
libblkid1/trusty-updates,now 2.20.1-5.1ubuntu20.9 amd64 [installed]
libbsd0/trusty,now 0.6.0-2ubuntu1 amd64 [installed]
libbz2-1.0/trusty,now 1.0.6-5 amd64 [installed]
libc-bin/trusty-updates,trusty-security,now 2.19-0ubuntu6.9 amd64 [installed]
libc6/trusty-updates,trusty-security,now 2.19-0ubuntu6.9 amd64 [installed]
libcap2/trusty,now 1:2.24-0ubuntu2 amd64 [installed]
libcgmanager0/trusty-updates,now 0.24-0ubuntu7.5 amd64 [installed]
libck-connector0/trusty,now 0.4.5-3.1ubuntu2 amd64 [installed]
libcomerr2/trusty-updates,now 1.42.9-3ubuntu1.3 amd64 [installed]
libcrack2/trusty,now 2.9.1-1build1 amd64 [installed]
libcroco3/trusty,now 0.6.8-2ubuntu1 amd64 [installed]
libcups2/trusty-updates,trusty-security,now 1.7.2-0ubuntu1.7 amd64 [installed]
libdate-manip-perl/trusty,now 6.42-1 all [installed,automatic]
libdb5.3/trusty,now 5.3.28-3ubuntu3 amd64 [installed]
libdbus-1-3/trusty-updates,now 1.6.18-0ubuntu4.5 amd64 [installed]
libdebconfclient0/trusty,now 0.187ubuntu1 amd64 [installed]
libdns100/trusty-updates,trusty-security,now 1:9.9.5.dfsg-3ubuntu0.11 amd64 [installed]
libdrm-intel1/trusty-updates,now 2.4.67-1ubuntu0.14.04.1 amd64 [installed]
libdrm-radeon1/trusty-updates,now 2.4.67-1ubuntu0.14.04.1 amd64 [installed]
libdrm2/trusty-updates,now 2.4.67-1ubuntu0.14.04.1 amd64 [installed]
libedit2/trusty,now 3.1-20130712-2 amd64 [installed]
libestr0/trusty,now 0.1.9-0ubuntu2 amd64 [installed]
libexpat1/trusty-updates,trusty-security,now 2.1.0-4ubuntu1.3 amd64 [installed]
libffi6/trusty-updates,now 3.1~rc1+r3.0.13-12ubuntu0.1 amd64 [installed]
libfile-copy-recursive-perl/trusty,now 0.38-1 all [installed]
libfontconfig1/trusty-updates,trusty-security,now 2.11.0-0ubuntu4.2 amd64 [installed]
libfreetype6/trusty-updates,trusty-security,now 2.5.2-1ubuntu2.5 amd64 [installed]
libgcc1/trusty-updates,now 1:4.9.3-0ubuntu4 amd64 [installed]
libgcrypt11/trusty-updates,trusty-security,now 1.5.3-2ubuntu4.4 amd64 [installed]
libgdbm3/trusty,now 1.8.3-12build1 amd64 [installed]
libgeoip1/trusty,now 1.6.0-1 amd64 [installed]
libglib2.0-0/trusty-updates,now 2.40.2-0ubuntu1 amd64 [installed]
libgmp10/trusty,now 2:5.1.3+dfsg-1ubuntu1 amd64 [installed]
libgnutls-openssl27/trusty-updates,trusty-security,now 2.12.23-12ubuntu2.6 amd64 [installed]
libgnutls26/trusty-updates,trusty-security,now 2.12.23-12ubuntu2.6 amd64 [installed]
libgomp1/trusty-updates,trusty-security,now 4.8.4-2ubuntu1~14.04.3 amd64 [installed]
libgpg-error0/trusty,now 1.12-0.2ubuntu1 amd64 [installed]
libgpm2/trusty,now 1.20.4-6.1 amd64 [installed]
libgssapi-krb5-2/trusty-updates,now 1.12+dfsg-2ubuntu5.3 amd64 [installed]
libgssapi3-heimdal/trusty-updates,now 1.6~git20131207+dfsg-1ubuntu1.1 amd64 [installed]
libgssglue1/trusty,now 0.4-2ubuntu1 amd64 [installed]
libhcrypto4-heimdal/trusty-updates,now 1.6~git20131207+dfsg-1ubuntu1.1 amd64 [installed]
libhdb9-heimdal/trusty-updates,now 1.6~git20131207+dfsg-1ubuntu1.1 amd64 [installed]
libheimbase1-heimdal/trusty-updates,now 1.6~git20131207+dfsg-1ubuntu1.1 amd64 [installed]
libheimntlm0-heimdal/trusty-updates,now 1.6~git20131207+dfsg-1ubuntu1.1 amd64 [installed]
libhx509-5-heimdal/trusty-updates,now 1.6~git20131207+dfsg-1ubuntu1.1 amd64 [installed]
libidn11/trusty-updates,trusty-security,now 1.28-1ubuntu2.1 amd64 [installed]
libisc95/trusty-updates,trusty-security,now 1:9.9.5.dfsg-3ubuntu0.11 amd64 [installed]
libisccc90/trusty-updates,trusty-security,now 1:9.9.5.dfsg-3ubuntu0.11 amd64 [installed]
libisccfg90/trusty-updates,trusty-security,now 1:9.9.5.dfsg-3ubuntu0.11 amd64 [installed]
libjson-c2/trusty-updates,trusty-security,now 0.11-3ubuntu1.2 amd64 [installed]
libjson0/trusty-updates,trusty-security,now 0.11-3ubuntu1.2 amd64 [installed]
libk5crypto3/trusty-updates,now 1.12+dfsg-2ubuntu5.3 amd64 [installed]
libkdc2-heimdal/trusty-updates,now 1.6~git20131207+dfsg-1ubuntu1.1 amd64 [installed]
libkeyutils1/trusty,now 1.5.6-1 amd64 [installed]
libklibc/trusty-updates,now 2.0.3-0ubuntu1.14.04.2 amd64 [installed]
libkmod2/trusty,now 15-0ubuntu6 amd64 [installed]
libkrb5-26-heimdal/trusty-updates,now 1.6~git20131207+dfsg-1ubuntu1.1 amd64 [installed]
libkrb5-3/trusty-updates,now 1.12+dfsg-2ubuntu5.3 amd64 [installed]
libkrb5support0/trusty-updates,now 1.12+dfsg-2ubuntu5.3 amd64 [installed]
libldap-2.4-2/trusty-updates,now 2.4.31-1+nmu2ubuntu8.3 amd64 [installed]
libldb1/trusty-updates,trusty-security,now 1:1.1.24-0ubuntu0.14.04.1 amd64 [installed]
liblocale-gettext-perl/trusty,now 1.05-7build3 amd64 [installed]
liblockfile-bin/trusty,now 1.09-6ubuntu1 amd64 [installed]
liblockfile1/trusty,now 1.09-6ubuntu1 amd64 [installed]
libltdl7/trusty,now 2.4.2-1.7ubuntu1 amd64 [installed]
liblwres90/trusty-updates,trusty-security,now 1:9.9.5.dfsg-3ubuntu0.11 amd64 [installed]
liblzma5/trusty,now 5.1.1alpha+20120614-2ubuntu2 amd64 [installed]
libmagic1/trusty-updates,trusty-security,now 1:5.14-2ubuntu3.3 amd64 [installed]
libmount1/trusty-updates,now 2.20.1-5.1ubuntu20.9 amd64 [installed]
libmpdec2/trusty,now 2.4.0-6 amd64 [installed]
libncurses5/trusty,now 5.9+20140118-1ubuntu1 amd64 [installed]
libncursesw5/trusty,now 5.9+20140118-1ubuntu1 amd64 [installed]
libnfnetlink0/trusty,now 1.0.1-2 amd64 [installed]
libnih-dbus1/trusty,now 1.0.3-4ubuntu25 amd64 [installed]
libnih1/trusty,now 1.0.3-4ubuntu25 amd64 [installed]
libnl-3-200/trusty-updates,now 3.2.21-1ubuntu4 amd64 [installed]
libnl-genl-3-200/trusty-updates,now 3.2.21-1ubuntu4 amd64 [installed]
libntdb1/trusty,now 1.0-2ubuntu1 amd64 [installed]
libodbc1/trusty,now 2.2.14p2-5ubuntu5 amd64 [installed]
libp11-kit0/trusty,now 0.20.2-2ubuntu2 amd64 [installed]
libpam-modules/trusty-updates,trusty-security,now 1.1.8-1ubuntu2.2 amd64 [installed]
libpam-modules-bin/trusty-updates,trusty-security,now 1.1.8-1ubuntu2.2 amd64 [installed]
libpam-runtime/trusty-updates,trusty-security,now 1.1.8-1ubuntu2.2 all [installed]
libpam-systemd/trusty-updates,now 204-5ubuntu20.24 amd64 [installed]
libpam0g/trusty-updates,trusty-security,now 1.1.8-1ubuntu2.2 amd64 [installed]
libpaper1/trusty,now 1.1.24+nmu2ubuntu3 amd64 [installed]
libpcap0.8/trusty,now 1.5.3-2 amd64 [installed]
libpciaccess0/trusty,now 0.13.2-1 amd64 [installed]
libpcre3/trusty-updates,now 1:8.31-2ubuntu2.3 amd64 [installed]
libperl5.18/trusty-updates,trusty-security,now 5.18.2-2ubuntu1.1 amd64 [installed]
libpipeline1/trusty,now 1.3.0-1 amd64 [installed]
libplymouth2/trusty-updates,now 0.8.8-0ubuntu17.1 amd64 [installed]
libpng12-0/trusty-updates,trusty-security,now 1.2.50-1ubuntu2.14.04.2 amd64 [installed]
libpopt0/trusty,now 1.16-8ubuntu1 amd64 [installed]
libprocps3/trusty-updates,now 1:3.3.9-1ubuntu2.2 amd64 [installed]
libpython-stdlib/trusty,now 2.7.5-5ubuntu3 amd64 [installed]
libpython2.7/trusty-updates,trusty-security,now 2.7.6-8ubuntu0.3 amd64 [installed]
libpython2.7-minimal/trusty-updates,trusty-security,now 2.7.6-8ubuntu0.3 amd64 [installed]
libpython2.7-stdlib/trusty-updates,trusty-security,now 2.7.6-8ubuntu0.3 amd64 [installed]
libpython3-stdlib/trusty,now 3.4.0-0ubuntu2 amd64 [installed]
libpython3.4-minimal/trusty-updates,trusty-security,now 3.4.3-1ubuntu1~14.04.5 amd64 [installed]
libpython3.4-stdlib/trusty-updates,trusty-security,now 3.4.3-1ubuntu1~14.04.5 amd64 [installed]
libreadline6/trusty,now 6.3-4ubuntu2 amd64 [installed]
libroken18-heimdal/trusty-updates,now 1.6~git20131207+dfsg-1ubuntu1.1 amd64 [installed]
libsasl2-2/trusty,now 2.1.25.dfsg1-17build1 amd64 [installed]
libsasl2-modules-db/trusty,now 2.1.25.dfsg1-17build1 amd64 [installed]
libselinux1/trusty-updates,now 2.2.2-1ubuntu0.1 amd64 [installed]
libsemanage-common/trusty,now 2.2-1 all [installed]
libsemanage1/trusty,now 2.2-1 amd64 [installed]
libsensors4/trusty,now 1:3.3.4-2ubuntu1 amd64 [installed]
libsepol1/trusty-updates,now 2.2-1ubuntu0.1 amd64 [installed]
libsigsegv2/trusty,now 2.10-2 amd64 [installed]
libslang2/trusty,now 2.2.4-15ubuntu1 amd64 [installed]
libsnmp-base/trusty-updates,now 5.7.2~dfsg-8.1ubuntu3.2 all [installed]
libsnmp30/trusty-updates,now 5.7.2~dfsg-8.1ubuntu3.2 amd64 [installed]
libsqlite3-0/trusty-updates,trusty-security,now 3.8.2-1ubuntu2.1 amd64 [installed]
libssl1.0.0/trusty-updates,trusty-security,now 1.0.1f-1ubuntu2.22 amd64 [installed]
libstdc++6/trusty-updates,trusty-security,now 4.8.4-2ubuntu1~14.04.3 amd64 [installed]
libsystemd-daemon0/trusty-updates,now 204-5ubuntu20.24 amd64 [installed,automatic]
libsystemd-login0/trusty-updates,now 204-5ubuntu20.24 amd64 [installed,automatic]
libtalloc2/trusty-updates,trusty-security,now 2.1.5-0ubuntu0.14.04.1 amd64 [installed]
libtasn1-6/trusty-updates,trusty-security,now 3.4-3ubuntu0.4 amd64 [installed]
libtdb1/trusty-updates,trusty-security,now 1.3.8-0ubuntu0.14.04.1 amd64 [installed]
libtevent0/trusty-updates,trusty-security,now 0.9.28-0ubuntu0.14.04.1 amd64 [installed]
libtext-charwidth-perl/trusty,now 0.04-7build3 amd64 [installed]
libtext-iconv-perl/trusty,now 1.7-5build2 amd64 [installed]
libtext-wrapi18n-perl/trusty,now 0.06-7 all [installed]
libtinfo5/trusty,now 5.9+20140118-1ubuntu1 amd64 [installed]
libtirpc1/trusty,now 0.2.2-5ubuntu2 amd64 [installed]
libudev1/trusty-updates,now 204-5ubuntu20.24 amd64 [installed]
libunistring0/trusty,now 0.9.3-5ubuntu3 amd64 [installed]
libusb-0.1-4/trusty,now 2:0.1.12-23.3ubuntu1 amd64 [installed]
libustr-1.0-1/trusty,now 1.0.4-3ubuntu2 amd64 [installed]
libuuid1/trusty-updates,now 2.20.1-5.1ubuntu20.9 amd64 [installed]
libwbclient0/trusty-updates,trusty-security,now 2:4.3.11+dfsg-0ubuntu0.14.04.4 amd64 [installed]
libwind0-heimdal/trusty-updates,now 1.6~git20131207+dfsg-1ubuntu1.1 amd64 [installed]
libwrap0/trusty,now 7.6.q-25 amd64 [installed]
libxml2/trusty-updates,trusty-security,now 2.9.1+dfsg1-3ubuntu4.8 amd64 [installed]
libxtables10/trusty,now 1.4.21-1ubuntu1 amd64 [installed]
locales/trusty-updates,now 2.13+git20120306-12.1 all [installed]
login/trusty-updates,now 1:4.1.5.1-1ubuntu9.2 amd64 [installed]
logrotate/trusty,now 3.8.7-1ubuntu1 amd64 [installed]
logwatch/trusty-updates,now 7.4.0+svn20130529rev144-1ubuntu1.1 all [installed]
lsb-base/trusty-updates,now 4.1+Debian11ubuntu6.2 all [installed]
lsb-release/trusty-updates,now 4.1+Debian11ubuntu6.2 all [installed]
lsof/trusty,now 4.86+dfsg-1ubuntu2 amd64 [installed]
lynx/trusty,now 2.8.8pre4-1 all [installed]
lynx-cur/trusty,now 2.8.8pre4-1 amd64 [installed]
lzma/trusty,now 9.22-2ubuntu2 amd64 [installed]
m4/trusty,now 1.4.17-2ubuntu1 amd64 [installed]
make/trusty,now 3.81-8.2ubuntu3 amd64 [installed]
makedev/trusty,now 2.3.1-93ubuntu1 all [installed]
man-db/trusty-updates,now 2.6.7.1-1ubuntu1 amd64 [installed]
manpages/trusty,now 3.54-1ubuntu1 all [installed]
memtester/trusty,now 4.3.0-3 amd64 [installed]
mime-support/trusty-updates,trusty-security,now 3.54ubuntu1.1 all [installed]
mktemp/trusty-updates,now 8.21-1ubuntu5.4 all [installed]
mlocate/trusty,now 0.26-1ubuntu1 amd64 [installed]
module-init-tools/trusty,now 15-0ubuntu6 all [installed]
mount/trusty-updates,now 2.20.1-5.1ubuntu20.9 amd64 [installed]
mountall/trusty,now 2.53 amd64 [installed]
mtools/trusty,now 4.0.18-1ubuntu1 amd64 [installed]
multiarch-support/trusty-updates,trusty-security,now 2.19-0ubuntu6.9 amd64 [installed]
ncurses-base/trusty,now 5.9+20140118-1ubuntu1 all [installed]
ncurses-bin/trusty,now 5.9+20140118-1ubuntu1 amd64 [installed]
ncurses-term/trusty,now 5.9+20140118-1ubuntu1 all [installed]
net-tools/trusty-updates,now 1.60-25ubuntu2.1 amd64 [installed]
netbase/trusty,now 5.2 all [installed]
odbcinst/trusty,now 2.2.14p2-5ubuntu5 amd64 [installed]
odbcinst1debian2/trusty,now 2.2.14p2-5ubuntu5 amd64 [installed]
openssh-blacklist/trusty,now 0.4.1+nmu1 all [installed]
openssh-client/trusty-updates,trusty-security,now 1:6.6p1-2ubuntu2.8 amd64 [installed]
openssh-server/trusty-updates,trusty-security,now 1:6.6p1-2ubuntu2.8 amd64 [installed]
openssh-sftp-server/trusty-updates,trusty-security,now 1:6.6p1-2ubuntu2.8 amd64 [installed]
openssl/trusty-updates,trusty-security,now 1.0.1f-1ubuntu2.22 amd64 [installed]
openssl-blacklist/trusty,now 0.5-3 all [installed]
passwd/trusty-updates,now 1:4.1.5.1-1ubuntu9.2 amd64 [installed]
perl/trusty-updates,trusty-security,now 5.18.2-2ubuntu1.1 amd64 [installed]
perl-base/trusty-updates,trusty-security,now 5.18.2-2ubuntu1.1 amd64 [installed]
perl-modules/trusty-updates,trusty-security,now 5.18.2-2ubuntu1.1 all [installed]
plymouth/trusty-updates,now 0.8.8-0ubuntu17.1 amd64 [installed]
postfix/trusty-updates,now 2.11.0-1ubuntu1 amd64 [installed]
procinfo/trusty,now 1:2.0.304-1ubuntu1 amd64 [installed]
procmail/trusty-updates,trusty-security,now 3.22-21ubuntu0.1 amd64 [installed]
procps/trusty-updates,now 1:3.3.9-1ubuntu2.2 amd64 [installed]
psmisc/trusty,now 22.20-1ubuntu2 amd64 [installed]
psutils/trusty,now 1.17.dfsg-1 amd64 [installed]
pwgen/trusty,now 2.06-1ubuntu4 amd64 [installed]
python/trusty,now 2.7.5-5ubuntu3 amd64 [installed]
python-crypto/trusty,now 2.6.1-4build1 amd64 [installed]
python-dnspython/trusty,now 1.11.1-1build1 all [installed]
python-ldb/trusty-updates,trusty-security,now 1:1.1.24-0ubuntu0.14.04.1 amd64 [installed]
python-minimal/trusty,now 2.7.5-5ubuntu3 amd64 [installed]
python-ntdb/trusty,now 1.0-2ubuntu1 amd64 [installed]
python-pyinotify/trusty,now 0.9.4-1build1 all [installed,automatic]
python-samba/trusty-updates,trusty-security,now 2:4.3.11+dfsg-0ubuntu0.14.04.4 amd64 [installed]
python-talloc/trusty-updates,trusty-security,now 2.1.5-0ubuntu0.14.04.1 amd64 [installed]
python-tdb/trusty-updates,trusty-security,now 1.3.8-0ubuntu0.14.04.1 amd64 [installed]
python2.7/trusty-updates,trusty-security,now 2.7.6-8ubuntu0.3 amd64 [installed]
python2.7-minimal/trusty-updates,trusty-security,now 2.7.6-8ubuntu0.3 amd64 [installed]
python3/trusty,now 3.4.0-0ubuntu2 amd64 [installed]
python3-minimal/trusty,now 3.4.0-0ubuntu2 amd64 [installed]
python3.4/trusty-updates,trusty-security,now 3.4.3-1ubuntu1~14.04.5 amd64 [installed]
python3.4-minimal/trusty-updates,trusty-security,now 3.4.3-1ubuntu1~14.04.5 amd64 [installed]
quota/trusty,now 4.01-3 amd64 [installed]
readline-common/trusty,now 6.3-4ubuntu2 all [installed]
rpcbind/trusty-updates,trusty-security,now 0.2.1-2ubuntu2.2 amd64 [installed]
rsync/trusty-updates,trusty-security,now 3.1.0-2ubuntu0.2 amd64 [installed]
rsyslog/trusty-updates,now 7.4.4-1ubuntu2.6 amd64 [installed]
samba/trusty-updates,trusty-security,now 2:4.3.11+dfsg-0ubuntu0.14.04.4 amd64 [installed]
samba-common/trusty-updates,trusty-security,now 2:4.3.11+dfsg-0ubuntu0.14.04.4 all [installed]
samba-common-bin/trusty-updates,trusty-security,now 2:4.3.11+dfsg-0ubuntu0.14.04.4 amd64 [installed]
samba-dsdb-modules/trusty-updates,trusty-security,now 2:4.3.11+dfsg-0ubuntu0.14.04.4 amd64 [installed]
samba-libs/trusty-updates,trusty-security,now 2:4.3.11+dfsg-0ubuntu0.14.04.4 amd64 [installed]
sasl2-bin/trusty,now 2.1.25.dfsg1-17build1 amd64 [installed]
screen/trusty,now 4.1.0~20120320gitdb59704-9 amd64 [installed]
sed/trusty,now 4.2.2-4ubuntu1 amd64 [installed]
sensible-utils/trusty,now 0.0.9 all [installed]
sharutils/trusty,now 1:4.14-1ubuntu1 amd64 [installed]
snmp/trusty-updates,now 5.7.2~dfsg-8.1ubuntu3.2 amd64 [installed]
ssl-cert/trusty,now 1.0.33 all [installed]
sudo/trusty-updates,now 1.8.9p5-1ubuntu1.3 amd64 [installed]
syslinux/trusty,now 3:4.05+dfsg-6+deb8u1 amd64 [installed]
syslinux-common/trusty,now 3:4.05+dfsg-6+deb8u1 all [installed]
systemd-services/trusty-updates,now 204-5ubuntu20.24 amd64 [installed,automatic]
systemd-shim/trusty,now 6-2bzr1 amd64 [installed,automatic]
sysv-rc/trusty-updates,now 2.88dsf-41ubuntu6.3 all [installed]
sysvinit-utils/trusty-updates,now 2.88dsf-41ubuntu6.3 amd64 [installed]
tar/trusty-updates,trusty-security,now 1.27.1-1ubuntu0.1 amd64 [installed]
tcpdump/trusty-updates,trusty-security,now 4.5.1-2ubuntu1.2 amd64 [installed]
tcsh/trusty,now 6.18.01-2 amd64 [installed]
tdb-tools/trusty-updates,trusty-security,now 1.3.8-0ubuntu0.14.04.1 amd64 [installed]
telnet/trusty,now 0.17-36build2 amd64 [installed]
tofrodos/trusty,now 1.7.13+ds-1ubuntu1 amd64 [installed]
traceroute/trusty-updates,now 1:2.0.20-0ubuntu0.1 amd64 [installed]
ttf-dejavu/trusty,now 2.34-1ubuntu1 all [installed]
ttf-dejavu-core/trusty,now 2.34-1ubuntu1 all [installed]
ttf-dejavu-extra/trusty,now 2.34-1ubuntu1 all [installed]
ttf-freefont/trusty,now 20120503-4 all [installed]
tzdata/trusty-updates,trusty-security,now 2016j-0ubuntu0.14.04 all [installed]
ubuntu-keyring/trusty,now 2012.05.19 all [installed]
ucf/trusty,now 3.0027+nmu1 all [installed]
udev/trusty-updates,now 204-5ubuntu20.24 amd64 [installed]
unixodbc/trusty,now 2.2.14p2-5ubuntu5 amd64 [installed]
unzip/trusty-updates,trusty-security,now 6.0-9ubuntu1.5 amd64 [installed]
update-inetd/trusty,now 4.43 all [installed]
upstart/trusty-updates,now 1.12.1-0ubuntu4.2 amd64 [installed]
util-linux/trusty-updates,now 2.20.1-5.1ubuntu20.9 amd64 [installed]
uuid-runtime/trusty-updates,now 2.20.1-5.1ubuntu20.9 amd64 [installed]
vim/trusty-updates,trusty-security,now 2:7.4.052-1ubuntu3.1 amd64 [installed]
vim-common/trusty-updates,trusty-security,now 2:7.4.052-1ubuntu3.1 amd64 [installed]
vim-runtime/trusty-updates,trusty-security,now 2:7.4.052-1ubuntu3.1 all [installed]
wget/trusty-updates,trusty-security,now 1.15-1ubuntu1.14.04.2 amd64 [installed]
whois/trusty,now 5.1.1 amd64 [installed]
wide-dhcpv6-client/trusty,now 20080615-12 amd64 [installed]
xinetd/trusty,now 1:2.3.15-3ubuntu1 amd64 [installed]
xkb-data/trusty,now 2.10.1-1ubuntu1 all [installed]
xz-utils/trusty,now 5.1.1alpha+20120614-2ubuntu2 amd64 [installed]
zlib1g/trusty,now 1:1.2.8.dfsg-1ubuntu1 amd64 [installed]
